28-Dec-20 18:20:32 - INFO - ------------------------------ Starting BULK update for DM_Cora_Account -------------------------------------------------------
 
28-Dec-20 18:20:34 - INFO - Data Staged now truncating then replicating to DM_Cora_Account... 
28-Dec-20 18:20:34 - INFO - Data from postgres copied to DM_Cora_Account
 
28-Dec-20 18:20:34 - INFO - ------------------------------ Starting BULK update for DM_Sync_Object_Field -------------------------------------------------------
 
28-Dec-20 18:20:35 - INFO - Data Staged now truncating then replicating to DM_Sync_Object_Field... 
28-Dec-20 18:20:43 - INFO - Data from postgres copied to DM_Sync_Object_Field
 
28-Dec-20 18:20:43 - INFO - ------------------------------ Starting BULK update for ServiceSalesDetailsOpen -------------------------------------------------------
 
28-Dec-20 18:20:59 - INFO - Data Staged now truncating then replicating to ServiceSalesDetailsOpen... 
28-Dec-20 18:24:43 - INFO - Data from postgres copied to ServiceSalesDetailsOpen
 
28-Dec-20 18:24:44 - INFO - ------------------------------ Starting BULK update for ServiceSalesOpen -------------------------------------------------------
 
28-Dec-20 18:24:58 - INFO - Data Staged now truncating then replicating to ServiceSalesOpen... 
28-Dec-20 18:33:05 - INFO - Data from postgres copied to ServiceSalesOpen
 
28-Dec-20 18:33:05 - INFO - ------------------------------ Starting BULK update for OrgHelper -------------------------------------------------------
 
28-Dec-20 18:33:06 - INFO - Data Staged now truncating then replicating to OrgHelper... 
28-Dec-20 18:33:07 - INFO - Data from postgres copied to OrgHelper
 
28-Dec-20 18:33:07 - INFO - ------------------------------ Starting BULK update for GLDateRanges -------------------------------------------------------
 
28-Dec-20 18:33:08 - INFO - Data Staged now truncating then replicating to GLDateRanges... 
28-Dec-20 18:33:08 - INFO - Data from postgres copied to GLDateRanges
 
28-Dec-20 18:33:08 - INFO - ------------------------------ Starting BULK update for GLThisYearVsPriorYearIncome -------------------------------------------------------
 
28-Dec-20 18:33:09 - INFO - Data Staged now truncating then replicating to GLThisYearVsPriorYearIncome... 
28-Dec-20 18:33:10 - INFO - Data from postgres copied to GLThisYearVsPriorYearIncome
 
28-Dec-20 18:33:10 - INFO - ------------------------ Starting DELTA MERGE for CPGNameFile -------------------------------------
 
28-Dec-20 18:33:11 - INFO - DELTA_CPGNameFile Truncated, ready for staging 
28-Dec-20 18:35:12 - INFO - Data Chunk Staged now replicating to DELTA_CPGNameFile... 
28-Dec-20 18:35:12 - INFO - Data Chunk Staged now replicating to DELTA_CPGNameFile... 
28-Dec-20 18:35:12 - INFO - DELTA_CPGNameFile ready building merge statement... 
28-Dec-20 18:35:12 - INFO - Merging Data... 
28-Dec-20 18:35:31 - INFO - Data Merged to main CPGNameFile
 
28-Dec-20 18:35:31 - INFO - ------------------------ Starting DELTA MERGE for Customer -------------------------------------
 
28-Dec-20 18:35:32 - INFO - DELTA_Customer Truncated, ready for staging 
28-Dec-20 18:37:29 - INFO - Data Chunk Staged now replicating to DELTA_Customer... 
28-Dec-20 18:38:39 - INFO - Data Chunk Staged now replicating to DELTA_Customer... 
28-Dec-20 18:39:47 - INFO - Data Chunk Staged now replicating to DELTA_Customer... 
28-Dec-20 18:40:57 - INFO - Data Chunk Staged now replicating to DELTA_Customer... 
28-Dec-20 18:41:08 - INFO - Data Chunk Staged now replicating to DELTA_Customer... 
28-Dec-20 18:41:08 - INFO - DELTA_Customer ready building merge statement... 
28-Dec-20 18:41:09 - INFO - Merging Data... 
28-Dec-20 18:41:44 - INFO - Data Merged to main Customer
 
28-Dec-20 18:41:44 - INFO - ------------------------ Starting DELTA MERGE for Employee -------------------------------------
 
28-Dec-20 18:41:45 - INFO - DELTA_Employee Truncated, ready for staging 
28-Dec-20 18:41:46 - INFO - Data Chunk Staged now replicating to DELTA_Employee... 
28-Dec-20 18:41:46 - INFO - DELTA_Employee ready building merge statement... 
28-Dec-20 18:41:46 - INFO - Merging Data... 
28-Dec-20 18:42:01 - INFO - Data Merged to main Employee
 
28-Dec-20 18:42:01 - INFO - ------------------------ Starting DELTA MERGE for GLAccountLedger -------------------------------------
 
28-Dec-20 18:42:02 - INFO - DELTA_GLAccountLedger Truncated, ready for staging 
28-Dec-20 18:42:55 - INFO - Data Chunk Staged now replicating to DELTA_GLAccountLedger... 
28-Dec-20 18:42:57 - INFO - Data Chunk Staged now replicating to DELTA_GLAccountLedger... 
28-Dec-20 18:42:59 - INFO - Data Chunk Staged now replicating to DELTA_GLAccountLedger... 
28-Dec-20 18:43:02 - INFO - Data Chunk Staged now replicating to DELTA_GLAccountLedger... 
28-Dec-20 18:43:04 - INFO - Data Chunk Staged now replicating to DELTA_GLAccountLedger... 
28-Dec-20 18:43:06 - INFO - Data Chunk Staged now replicating to DELTA_GLAccountLedger... 
28-Dec-20 18:43:08 - INFO - Data Chunk Staged now replicating to DELTA_GLAccountLedger... 
28-Dec-20 18:43:10 - INFO - Data Chunk Staged now replicating to DELTA_GLAccountLedger... 
28-Dec-20 18:43:12 - INFO - Data Chunk Staged now replicating to DELTA_GLAccountLedger... 
28-Dec-20 18:43:14 - INFO - Data Chunk Staged now replicating to DELTA_GLAccountLedger... 
28-Dec-20 18:43:16 - INFO - Data Chunk Staged now replicating to DELTA_GLAccountLedger... 
28-Dec-20 18:43:18 - INFO - Data Chunk Staged now replicating to DELTA_GLAccountLedger... 
28-Dec-20 18:43:20 - INFO - Data Chunk Staged now replicating to DELTA_GLAccountLedger... 
28-Dec-20 18:43:22 - INFO - Data Chunk Staged now replicating to DELTA_GLAccountLedger... 
28-Dec-20 18:43:24 - INFO - Data Chunk Staged now replicating to DELTA_GLAccountLedger... 
28-Dec-20 18:43:26 - INFO - Data Chunk Staged now replicating to DELTA_GLAccountLedger... 
28-Dec-20 18:43:28 - INFO - Data Chunk Staged now replicating to DELTA_GLAccountLedger... 
28-Dec-20 18:43:30 - INFO - Data Chunk Staged now replicating to DELTA_GLAccountLedger... 
28-Dec-20 18:43:32 - INFO - Data Chunk Staged now replicating to DELTA_GLAccountLedger... 
28-Dec-20 18:43:34 - INFO - Data Chunk Staged now replicating to DELTA_GLAccountLedger... 
28-Dec-20 18:43:36 - INFO - Data Chunk Staged now replicating to DELTA_GLAccountLedger... 
28-Dec-20 18:43:38 - INFO - Data Chunk Staged now replicating to DELTA_GLAccountLedger... 
28-Dec-20 18:43:40 - INFO - Data Chunk Staged now replicating to DELTA_GLAccountLedger... 
28-Dec-20 18:43:42 - INFO - Data Chunk Staged now replicating to DELTA_GLAccountLedger... 
28-Dec-20 18:43:44 - INFO - Data Chunk Staged now replicating to DELTA_GLAccountLedger... 
28-Dec-20 18:43:46 - INFO - Data Chunk Staged now replicating to DELTA_GLAccountLedger... 
28-Dec-20 18:43:48 - INFO - Data Chunk Staged now replicating to DELTA_GLAccountLedger... 
28-Dec-20 18:43:50 - INFO - Data Chunk Staged now replicating to DELTA_GLAccountLedger... 
28-Dec-20 18:43:52 - INFO - Data Chunk Staged now replicating to DELTA_GLAccountLedger... 
28-Dec-20 18:43:54 - INFO - Data Chunk Staged now replicating to DELTA_GLAccountLedger... 
28-Dec-20 18:43:56 - INFO - Data Chunk Staged now replicating to DELTA_GLAccountLedger... 
28-Dec-20 18:43:59 - INFO - Data Chunk Staged now replicating to DELTA_GLAccountLedger... 
28-Dec-20 18:44:01 - INFO - Data Chunk Staged now replicating to DELTA_GLAccountLedger... 
28-Dec-20 18:44:03 - INFO - Data Chunk Staged now replicating to DELTA_GLAccountLedger... 
28-Dec-20 18:44:05 - INFO - Data Chunk Staged now replicating to DELTA_GLAccountLedger... 
28-Dec-20 18:44:07 - INFO - Data Chunk Staged now replicating to DELTA_GLAccountLedger... 
28-Dec-20 18:44:09 - INFO - Data Chunk Staged now replicating to DELTA_GLAccountLedger... 
28-Dec-20 18:44:11 - INFO - Data Chunk Staged now replicating to DELTA_GLAccountLedger... 
28-Dec-20 18:44:13 - INFO - Data Chunk Staged now replicating to DELTA_GLAccountLedger... 
28-Dec-20 18:44:15 - INFO - Data Chunk Staged now replicating to DELTA_GLAccountLedger... 
28-Dec-20 18:44:17 - INFO - Data Chunk Staged now replicating to DELTA_GLAccountLedger... 
28-Dec-20 18:44:19 - INFO - Data Chunk Staged now replicating to DELTA_GLAccountLedger... 
28-Dec-20 18:44:21 - INFO - Data Chunk Staged now replicating to DELTA_GLAccountLedger... 
28-Dec-20 18:44:23 - INFO - Data Chunk Staged now replicating to DELTA_GLAccountLedger... 
28-Dec-20 18:44:25 - INFO - Data Chunk Staged now replicating to DELTA_GLAccountLedger... 
28-Dec-20 18:44:27 - INFO - Data Chunk Staged now replicating to DELTA_GLAccountLedger... 
28-Dec-20 18:44:29 - INFO - Data Chunk Staged now replicating to DELTA_GLAccountLedger... 
28-Dec-20 18:44:31 - INFO - Data Chunk Staged now replicating to DELTA_GLAccountLedger... 
28-Dec-20 18:44:33 - INFO - Data Chunk Staged now replicating to DELTA_GLAccountLedger... 
28-Dec-20 18:44:35 - INFO - Data Chunk Staged now replicating to DELTA_GLAccountLedger... 
28-Dec-20 18:44:37 - INFO - Data Chunk Staged now replicating to DELTA_GLAccountLedger... 
28-Dec-20 18:44:39 - INFO - Data Chunk Staged now replicating to DELTA_GLAccountLedger... 
28-Dec-20 18:44:41 - INFO - Data Chunk Staged now replicating to DELTA_GLAccountLedger... 
28-Dec-20 18:44:44 - INFO - Data Chunk Staged now replicating to DELTA_GLAccountLedger... 
28-Dec-20 18:44:46 - INFO - Data Chunk Staged now replicating to DELTA_GLAccountLedger... 
28-Dec-20 18:44:48 - INFO - Data Chunk Staged now replicating to DELTA_GLAccountLedger... 
28-Dec-20 18:44:50 - INFO - Data Chunk Staged now replicating to DELTA_GLAccountLedger... 
28-Dec-20 18:44:52 - INFO - Data Chunk Staged now replicating to DELTA_GLAccountLedger... 
28-Dec-20 18:44:54 - INFO - Data Chunk Staged now replicating to DELTA_GLAccountLedger... 
28-Dec-20 18:44:56 - INFO - Data Chunk Staged now replicating to DELTA_GLAccountLedger... 
28-Dec-20 18:44:58 - INFO - Data Chunk Staged now replicating to DELTA_GLAccountLedger... 
28-Dec-20 18:45:00 - INFO - Data Chunk Staged now replicating to DELTA_GLAccountLedger... 
28-Dec-20 18:45:02 - INFO - Data Chunk Staged now replicating to DELTA_GLAccountLedger... 
28-Dec-20 18:45:04 - INFO - Data Chunk Staged now replicating to DELTA_GLAccountLedger... 
28-Dec-20 18:45:06 - INFO - Data Chunk Staged now replicating to DELTA_GLAccountLedger... 
28-Dec-20 18:45:08 - INFO - Data Chunk Staged now replicating to DELTA_GLAccountLedger... 
28-Dec-20 18:45:10 - INFO - Data Chunk Staged now replicating to DELTA_GLAccountLedger... 
28-Dec-20 18:45:12 - INFO - Data Chunk Staged now replicating to DELTA_GLAccountLedger... 
28-Dec-20 18:45:14 - INFO - Data Chunk Staged now replicating to DELTA_GLAccountLedger... 
28-Dec-20 18:45:16 - INFO - Data Chunk Staged now replicating to DELTA_GLAccountLedger... 
28-Dec-20 18:45:18 - INFO - Data Chunk Staged now replicating to DELTA_GLAccountLedger... 
28-Dec-20 18:45:20 - INFO - Data Chunk Staged now replicating to DELTA_GLAccountLedger... 
28-Dec-20 18:45:22 - INFO - Data Chunk Staged now replicating to DELTA_GLAccountLedger... 
28-Dec-20 18:45:24 - INFO - Data Chunk Staged now replicating to DELTA_GLAccountLedger... 
28-Dec-20 18:45:26 - INFO - Data Chunk Staged now replicating to DELTA_GLAccountLedger... 
28-Dec-20 18:45:28 - INFO - Data Chunk Staged now replicating to DELTA_GLAccountLedger... 
28-Dec-20 18:45:30 - INFO - Data Chunk Staged now replicating to DELTA_GLAccountLedger... 
28-Dec-20 18:45:33 - INFO - Data Chunk Staged now replicating to DELTA_GLAccountLedger... 
28-Dec-20 18:45:35 - INFO - Data Chunk Staged now replicating to DELTA_GLAccountLedger... 
28-Dec-20 18:45:37 - INFO - Data Chunk Staged now replicating to DELTA_GLAccountLedger... 
28-Dec-20 18:45:39 - INFO - Data Chunk Staged now replicating to DELTA_GLAccountLedger... 
28-Dec-20 18:45:41 - INFO - Data Chunk Staged now replicating to DELTA_GLAccountLedger... 
28-Dec-20 18:45:43 - INFO - Data Chunk Staged now replicating to DELTA_GLAccountLedger... 
28-Dec-20 18:45:45 - INFO - Data Chunk Staged now replicating to DELTA_GLAccountLedger... 
28-Dec-20 18:45:47 - INFO - Data Chunk Staged now replicating to DELTA_GLAccountLedger... 
28-Dec-20 18:45:49 - INFO - Data Chunk Staged now replicating to DELTA_GLAccountLedger... 
28-Dec-20 18:45:51 - INFO - Data Chunk Staged now replicating to DELTA_GLAccountLedger... 
28-Dec-20 18:45:53 - INFO - Data Chunk Staged now replicating to DELTA_GLAccountLedger... 
28-Dec-20 18:45:55 - INFO - Data Chunk Staged now replicating to DELTA_GLAccountLedger... 
28-Dec-20 18:45:57 - INFO - Data Chunk Staged now replicating to DELTA_GLAccountLedger... 
28-Dec-20 18:45:59 - INFO - Data Chunk Staged now replicating to DELTA_GLAccountLedger... 
28-Dec-20 18:46:01 - INFO - Data Chunk Staged now replicating to DELTA_GLAccountLedger... 
28-Dec-20 18:46:04 - INFO - Data Chunk Staged now replicating to DELTA_GLAccountLedger... 
28-Dec-20 18:46:06 - INFO - Data Chunk Staged now replicating to DELTA_GLAccountLedger... 
28-Dec-20 18:46:08 - INFO - Data Chunk Staged now replicating to DELTA_GLAccountLedger... 
28-Dec-20 18:46:10 - INFO - Data Chunk Staged now replicating to DELTA_GLAccountLedger... 
28-Dec-20 18:46:12 - INFO - Data Chunk Staged now replicating to DELTA_GLAccountLedger... 
28-Dec-20 18:46:14 - INFO - Data Chunk Staged now replicating to DELTA_GLAccountLedger... 
28-Dec-20 18:46:16 - INFO - Data Chunk Staged now replicating to DELTA_GLAccountLedger... 
28-Dec-20 18:46:18 - INFO - Data Chunk Staged now replicating to DELTA_GLAccountLedger... 
28-Dec-20 18:46:20 - INFO - Data Chunk Staged now replicating to DELTA_GLAccountLedger... 
28-Dec-20 18:46:22 - INFO - Data Chunk Staged now replicating to DELTA_GLAccountLedger... 
28-Dec-20 18:46:24 - INFO - Data Chunk Staged now replicating to DELTA_GLAccountLedger... 
28-Dec-20 18:46:26 - INFO - Data Chunk Staged now replicating to DELTA_GLAccountLedger... 
28-Dec-20 18:46:28 - INFO - Data Chunk Staged now replicating to DELTA_GLAccountLedger... 
28-Dec-20 18:46:30 - INFO - Data Chunk Staged now replicating to DELTA_GLAccountLedger... 
28-Dec-20 18:46:32 - INFO - Data Chunk Staged now replicating to DELTA_GLAccountLedger... 
28-Dec-20 18:46:34 - INFO - Data Chunk Staged now replicating to DELTA_GLAccountLedger... 
28-Dec-20 18:46:36 - INFO - Data Chunk Staged now replicating to DELTA_GLAccountLedger... 
28-Dec-20 18:46:38 - INFO - Data Chunk Staged now replicating to DELTA_GLAccountLedger... 
28-Dec-20 18:46:40 - INFO - Data Chunk Staged now replicating to DELTA_GLAccountLedger... 
28-Dec-20 18:46:42 - INFO - Data Chunk Staged now replicating to DELTA_GLAccountLedger... 
28-Dec-20 18:46:44 - INFO - Data Chunk Staged now replicating to DELTA_GLAccountLedger... 
28-Dec-20 18:46:46 - INFO - Data Chunk Staged now replicating to DELTA_GLAccountLedger... 
28-Dec-20 18:46:48 - INFO - Data Chunk Staged now replicating to DELTA_GLAccountLedger... 
28-Dec-20 18:46:50 - INFO - Data Chunk Staged now replicating to DELTA_GLAccountLedger... 
28-Dec-20 18:46:52 - INFO - Data Chunk Staged now replicating to DELTA_GLAccountLedger... 
28-Dec-20 18:46:54 - INFO - Data Chunk Staged now replicating to DELTA_GLAccountLedger... 
28-Dec-20 18:46:57 - INFO - Data Chunk Staged now replicating to DELTA_GLAccountLedger... 
28-Dec-20 18:46:59 - INFO - Data Chunk Staged now replicating to DELTA_GLAccountLedger... 
28-Dec-20 18:47:01 - INFO - Data Chunk Staged now replicating to DELTA_GLAccountLedger... 
28-Dec-20 18:47:03 - INFO - Data Chunk Staged now replicating to DELTA_GLAccountLedger... 
28-Dec-20 18:47:05 - INFO - Data Chunk Staged now replicating to DELTA_GLAccountLedger... 
28-Dec-20 18:47:07 - INFO - Data Chunk Staged now replicating to DELTA_GLAccountLedger... 
28-Dec-20 18:47:09 - INFO - Data Chunk Staged now replicating to DELTA_GLAccountLedger... 
28-Dec-20 18:47:11 - INFO - Data Chunk Staged now replicating to DELTA_GLAccountLedger... 
28-Dec-20 18:47:13 - INFO - Data Chunk Staged now replicating to DELTA_GLAccountLedger... 
28-Dec-20 18:47:15 - INFO - Data Chunk Staged now replicating to DELTA_GLAccountLedger... 
28-Dec-20 18:47:17 - INFO - Data Chunk Staged now replicating to DELTA_GLAccountLedger... 
28-Dec-20 18:47:19 - INFO - Data Chunk Staged now replicating to DELTA_GLAccountLedger... 
28-Dec-20 18:47:21 - INFO - Data Chunk Staged now replicating to DELTA_GLAccountLedger... 
28-Dec-20 18:47:23 - INFO - Data Chunk Staged now replicating to DELTA_GLAccountLedger... 
28-Dec-20 18:47:25 - INFO - Data Chunk Staged now replicating to DELTA_GLAccountLedger... 
28-Dec-20 18:47:27 - INFO - Data Chunk Staged now replicating to DELTA_GLAccountLedger... 
28-Dec-20 18:47:29 - INFO - Data Chunk Staged now replicating to DELTA_GLAccountLedger... 
28-Dec-20 18:47:31 - INFO - Data Chunk Staged now replicating to DELTA_GLAccountLedger... 
28-Dec-20 18:47:33 - INFO - Data Chunk Staged now replicating to DELTA_GLAccountLedger... 
28-Dec-20 18:47:35 - INFO - Data Chunk Staged now replicating to DELTA_GLAccountLedger... 
28-Dec-20 18:47:37 - INFO - Data Chunk Staged now replicating to DELTA_GLAccountLedger... 
28-Dec-20 18:47:39 - INFO - Data Chunk Staged now replicating to DELTA_GLAccountLedger... 
28-Dec-20 18:47:42 - INFO - Data Chunk Staged now replicating to DELTA_GLAccountLedger... 
28-Dec-20 18:47:44 - INFO - Data Chunk Staged now replicating to DELTA_GLAccountLedger... 
28-Dec-20 18:47:46 - INFO - Data Chunk Staged now replicating to DELTA_GLAccountLedger... 
28-Dec-20 18:47:48 - INFO - Data Chunk Staged now replicating to DELTA_GLAccountLedger... 
28-Dec-20 18:47:50 - INFO - Data Chunk Staged now replicating to DELTA_GLAccountLedger... 
28-Dec-20 18:47:52 - INFO - Data Chunk Staged now replicating to DELTA_GLAccountLedger... 
28-Dec-20 18:47:55 - INFO - Data Chunk Staged now replicating to DELTA_GLAccountLedger... 
28-Dec-20 18:47:57 - INFO - Data Chunk Staged now replicating to DELTA_GLAccountLedger... 
28-Dec-20 18:47:59 - INFO - Data Chunk Staged now replicating to DELTA_GLAccountLedger... 
28-Dec-20 18:48:01 - INFO - Data Chunk Staged now replicating to DELTA_GLAccountLedger... 
28-Dec-20 18:48:03 - INFO - Data Chunk Staged now replicating to DELTA_GLAccountLedger... 
28-Dec-20 18:48:05 - INFO - Data Chunk Staged now replicating to DELTA_GLAccountLedger... 
28-Dec-20 18:48:07 - INFO - Data Chunk Staged now replicating to DELTA_GLAccountLedger... 
28-Dec-20 18:48:09 - INFO - Data Chunk Staged now replicating to DELTA_GLAccountLedger... 
28-Dec-20 18:48:11 - INFO - Data Chunk Staged now replicating to DELTA_GLAccountLedger... 
28-Dec-20 18:48:13 - INFO - Data Chunk Staged now replicating to DELTA_GLAccountLedger... 
28-Dec-20 18:48:15 - INFO - Data Chunk Staged now replicating to DELTA_GLAccountLedger... 
28-Dec-20 18:48:17 - INFO - Data Chunk Staged now replicating to DELTA_GLAccountLedger... 
28-Dec-20 18:48:19 - INFO - Data Chunk Staged now replicating to DELTA_GLAccountLedger... 
28-Dec-20 18:48:21 - INFO - Data Chunk Staged now replicating to DELTA_GLAccountLedger... 
28-Dec-20 18:48:23 - INFO - Data Chunk Staged now replicating to DELTA_GLAccountLedger... 
28-Dec-20 18:48:25 - INFO - Data Chunk Staged now replicating to DELTA_GLAccountLedger... 
28-Dec-20 18:48:26 - INFO - Data Chunk Staged now replicating to DELTA_GLAccountLedger... 
28-Dec-20 18:48:28 - INFO - Data Chunk Staged now replicating to DELTA_GLAccountLedger... 
28-Dec-20 18:48:30 - INFO - Data Chunk Staged now replicating to DELTA_GLAccountLedger... 
28-Dec-20 18:48:33 - INFO - Data Chunk Staged now replicating to DELTA_GLAccountLedger... 
28-Dec-20 18:48:35 - INFO - Data Chunk Staged now replicating to DELTA_GLAccountLedger... 
28-Dec-20 18:48:37 - INFO - Data Chunk Staged now replicating to DELTA_GLAccountLedger... 
28-Dec-20 18:48:39 - INFO - Data Chunk Staged now replicating to DELTA_GLAccountLedger... 
28-Dec-20 18:48:41 - INFO - Data Chunk Staged now replicating to DELTA_GLAccountLedger... 
28-Dec-20 18:48:43 - INFO - Data Chunk Staged now replicating to DELTA_GLAccountLedger... 
28-Dec-20 18:48:45 - INFO - Data Chunk Staged now replicating to DELTA_GLAccountLedger... 
28-Dec-20 18:48:47 - INFO - Data Chunk Staged now replicating to DELTA_GLAccountLedger... 
28-Dec-20 18:48:49 - INFO - Data Chunk Staged now replicating to DELTA_GLAccountLedger... 
28-Dec-20 18:48:51 - INFO - Data Chunk Staged now replicating to DELTA_GLAccountLedger... 
28-Dec-20 18:48:53 - INFO - Data Chunk Staged now replicating to DELTA_GLAccountLedger... 
28-Dec-20 18:48:55 - INFO - Data Chunk Staged now replicating to DELTA_GLAccountLedger... 
28-Dec-20 18:48:57 - INFO - Data Chunk Staged now replicating to DELTA_GLAccountLedger... 
28-Dec-20 18:48:59 - INFO - Data Chunk Staged now replicating to DELTA_GLAccountLedger... 
28-Dec-20 18:49:01 - INFO - Data Chunk Staged now replicating to DELTA_GLAccountLedger... 
28-Dec-20 18:49:03 - INFO - Data Chunk Staged now replicating to DELTA_GLAccountLedger... 
28-Dec-20 18:49:06 - INFO - Data Chunk Staged now replicating to DELTA_GLAccountLedger... 
28-Dec-20 18:49:08 - INFO - Data Chunk Staged now replicating to DELTA_GLAccountLedger... 
28-Dec-20 18:49:10 - INFO - Data Chunk Staged now replicating to DELTA_GLAccountLedger... 
28-Dec-20 18:49:12 - INFO - Data Chunk Staged now replicating to DELTA_GLAccountLedger... 
28-Dec-20 18:49:14 - INFO - Data Chunk Staged now replicating to DELTA_GLAccountLedger... 
28-Dec-20 18:49:16 - INFO - Data Chunk Staged now replicating to DELTA_GLAccountLedger... 
28-Dec-20 18:49:18 - INFO - Data Chunk Staged now replicating to DELTA_GLAccountLedger... 
28-Dec-20 18:49:20 - INFO - Data Chunk Staged now replicating to DELTA_GLAccountLedger... 
28-Dec-20 18:49:22 - INFO - Data Chunk Staged now replicating to DELTA_GLAccountLedger... 
28-Dec-20 18:49:24 - INFO - Data Chunk Staged now replicating to DELTA_GLAccountLedger... 
28-Dec-20 18:49:24 - INFO - Data Chunk Staged now replicating to DELTA_GLAccountLedger... 
28-Dec-20 18:49:24 - INFO - DELTA_GLAccountLedger ready building merge statement... 
28-Dec-20 18:49:24 - INFO - Merging Data... 
28-Dec-20 18:49:54 - INFO - Data Merged to main GLAccountLedger
 
28-Dec-20 18:49:54 - INFO - ------------------------ Starting DELTA MERGE for GLCalendar -------------------------------------
 
28-Dec-20 18:49:55 - INFO - DELTA_GLCalendar Truncated, ready for staging 
28-Dec-20 18:49:57 - INFO - Data Chunk Staged now replicating to DELTA_GLCalendar... 
28-Dec-20 18:49:59 - INFO - Data Chunk Staged now replicating to DELTA_GLCalendar... 
28-Dec-20 18:50:00 - INFO - Data Chunk Staged now replicating to DELTA_GLCalendar... 
28-Dec-20 18:50:00 - INFO - DELTA_GLCalendar ready building merge statement... 
28-Dec-20 18:50:00 - INFO - Merging Data... 
28-Dec-20 18:50:15 - INFO - Data Merged to main GLCalendar
 
28-Dec-20 18:50:15 - INFO - ------------------------ Starting DELTA MERGE for GLCashInBankAccounts -------------------------------------
 
28-Dec-20 18:50:16 - INFO - DELTA_GLCashInBankAccounts Truncated, ready for staging 
28-Dec-20 18:50:17 - INFO - Data Chunk Staged now replicating to DELTA_GLCashInBankAccounts... 
28-Dec-20 18:50:17 - INFO - DELTA_GLCashInBankAccounts ready building merge statement... 
28-Dec-20 18:50:17 - INFO - Merging Data... 
28-Dec-20 18:50:32 - INFO - Data Merged to main GLCashInBankAccounts
 
28-Dec-20 18:50:32 - INFO - ------------------------ Starting DELTA MERGE for GLCashInBankSetup -------------------------------------
 
28-Dec-20 18:50:33 - INFO - DELTA_GLCashInBankSetup Truncated, ready for staging 
28-Dec-20 18:50:33 - INFO - Data Chunk Staged now replicating to DELTA_GLCashInBankSetup... 
28-Dec-20 18:50:33 - INFO - DELTA_GLCashInBankSetup ready building merge statement... 
28-Dec-20 18:50:33 - INFO - Merging Data... 
28-Dec-20 18:50:48 - INFO - Data Merged to main GLCashInBankSetup
 
28-Dec-20 18:50:48 - INFO - ------------------------ Starting DELTA MERGE for GLCOA -------------------------------------
 
28-Dec-20 18:50:50 - INFO - DELTA_GLCOA Truncated, ready for staging 
28-Dec-20 18:50:50 - INFO - DELTA_GLCOA ready building merge statement... 
28-Dec-20 18:50:50 - INFO - Merging Data... 
28-Dec-20 18:51:05 - INFO - Data Merged to main GLCOA
 
28-Dec-20 18:51:05 - INFO - ------------------------ Starting DELTA MERGE for GLDept -------------------------------------
 
28-Dec-20 18:51:06 - INFO - DELTA_GLDept Truncated, ready for staging 
28-Dec-20 18:51:07 - INFO - Data Chunk Staged now replicating to DELTA_GLDept... 
28-Dec-20 18:51:07 - INFO - DELTA_GLDept ready building merge statement... 
28-Dec-20 18:51:07 - INFO - Merging Data... 
28-Dec-20 18:51:22 - INFO - Data Merged to main GLDept
 
28-Dec-20 18:51:22 - INFO - ------------------------ Starting DELTA MERGE for GLDetailGLAccounts -------------------------------------
 
28-Dec-20 18:51:23 - INFO - DELTA_GLDetailGLAccounts Truncated, ready for staging 
28-Dec-20 18:51:28 - INFO - Data Chunk Staged now replicating to DELTA_GLDetailGLAccounts... 
28-Dec-20 18:51:29 - INFO - Data Chunk Staged now replicating to DELTA_GLDetailGLAccounts... 
28-Dec-20 18:51:31 - INFO - Data Chunk Staged now replicating to DELTA_GLDetailGLAccounts... 
28-Dec-20 18:51:32 - INFO - Data Chunk Staged now replicating to DELTA_GLDetailGLAccounts... 
28-Dec-20 18:51:33 - INFO - Data Chunk Staged now replicating to DELTA_GLDetailGLAccounts... 
28-Dec-20 18:51:35 - INFO - Data Chunk Staged now replicating to DELTA_GLDetailGLAccounts... 
28-Dec-20 18:51:36 - INFO - Data Chunk Staged now replicating to DELTA_GLDetailGLAccounts... 
28-Dec-20 18:51:37 - INFO - Data Chunk Staged now replicating to DELTA_GLDetailGLAccounts... 
28-Dec-20 18:51:39 - INFO - Data Chunk Staged now replicating to DELTA_GLDetailGLAccounts... 
28-Dec-20 18:51:40 - INFO - Data Chunk Staged now replicating to DELTA_GLDetailGLAccounts... 
28-Dec-20 18:51:42 - INFO - Data Chunk Staged now replicating to DELTA_GLDetailGLAccounts... 
28-Dec-20 18:51:43 - INFO - Data Chunk Staged now replicating to DELTA_GLDetailGLAccounts... 
28-Dec-20 18:51:45 - INFO - Data Chunk Staged now replicating to DELTA_GLDetailGLAccounts... 
28-Dec-20 18:51:46 - INFO - Data Chunk Staged now replicating to DELTA_GLDetailGLAccounts... 
28-Dec-20 18:51:47 - INFO - Data Chunk Staged now replicating to DELTA_GLDetailGLAccounts... 
28-Dec-20 18:51:49 - INFO - Data Chunk Staged now replicating to DELTA_GLDetailGLAccounts... 
28-Dec-20 18:51:50 - INFO - Data Chunk Staged now replicating to DELTA_GLDetailGLAccounts... 
28-Dec-20 18:51:52 - INFO - Data Chunk Staged now replicating to DELTA_GLDetailGLAccounts... 
28-Dec-20 18:51:53 - INFO - Data Chunk Staged now replicating to DELTA_GLDetailGLAccounts... 
28-Dec-20 18:51:55 - INFO - Data Chunk Staged now replicating to DELTA_GLDetailGLAccounts... 
28-Dec-20 18:51:56 - INFO - Data Chunk Staged now replicating to DELTA_GLDetailGLAccounts... 
28-Dec-20 18:51:58 - INFO - Data Chunk Staged now replicating to DELTA_GLDetailGLAccounts... 
28-Dec-20 18:51:59 - INFO - Data Chunk Staged now replicating to DELTA_GLDetailGLAccounts... 
28-Dec-20 18:52:01 - INFO - Data Chunk Staged now replicating to DELTA_GLDetailGLAccounts... 
28-Dec-20 18:52:02 - INFO - Data Chunk Staged now replicating to DELTA_GLDetailGLAccounts... 
28-Dec-20 18:52:02 - INFO - Data Chunk Staged now replicating to DELTA_GLDetailGLAccounts... 
28-Dec-20 18:52:02 - INFO - DELTA_GLDetailGLAccounts ready building merge statement... 
28-Dec-20 18:52:02 - INFO - Merging Data... 
28-Dec-20 18:52:19 - INFO - Data Merged to main GLDetailGLAccounts
 
28-Dec-20 18:52:19 - INFO - ------------------------ Starting DELTA MERGE for GLDetailGLSetup -------------------------------------
 
28-Dec-20 18:52:20 - INFO - DELTA_GLDetailGLSetup Truncated, ready for staging 
28-Dec-20 18:52:21 - INFO - Data Chunk Staged now replicating to DELTA_GLDetailGLSetup... 
28-Dec-20 18:52:21 - INFO - DELTA_GLDetailGLSetup ready building merge statement... 
28-Dec-20 18:52:21 - INFO - Merging Data... 
28-Dec-20 18:52:36 - INFO - Data Merged to main GLDetailGLSetup
 
28-Dec-20 18:52:36 - INFO - ------------------------ Starting DELTA MERGE for GLFiscalYearEnd -------------------------------------
 
28-Dec-20 18:52:37 - INFO - DELTA_GLFiscalYearEnd Truncated, ready for staging 
28-Dec-20 18:52:38 - INFO - Data Chunk Staged now replicating to DELTA_GLFiscalYearEnd... 
28-Dec-20 18:52:38 - INFO - DELTA_GLFiscalYearEnd ready building merge statement... 
28-Dec-20 18:52:38 - INFO - Merging Data... 
28-Dec-20 18:52:53 - INFO - Data Merged to main GLFiscalYearEnd
 
28-Dec-20 18:52:53 - INFO - ------------------------ Starting DELTA MERGE for GLFiscalYearMap -------------------------------------
 
28-Dec-20 18:52:54 - INFO - DELTA_GLFiscalYearMap Truncated, ready for staging 
28-Dec-20 18:52:55 - INFO - Data Chunk Staged now replicating to DELTA_GLFiscalYearMap... 
28-Dec-20 18:52:55 - INFO - DELTA_GLFiscalYearMap ready building merge statement... 
28-Dec-20 18:52:55 - INFO - Merging Data... 
28-Dec-20 18:53:10 - INFO - Data Merged to main GLFiscalYearMap
 
28-Dec-20 18:53:10 - INFO - ------------------------ Starting DELTA MERGE for GLJEDetail -------------------------------------
 
28-Dec-20 18:53:11 - INFO - DELTA_GLJEDetail Truncated, ready for staging 
28-Dec-20 18:53:23 - INFO - Data Chunk Staged now replicating to DELTA_GLJEDetail... 
28-Dec-20 18:53:26 - INFO - Data Chunk Staged now replicating to DELTA_GLJEDetail... 
28-Dec-20 18:53:28 - INFO - Data Chunk Staged now replicating to DELTA_GLJEDetail... 
28-Dec-20 18:53:31 - INFO - Data Chunk Staged now replicating to DELTA_GLJEDetail... 
28-Dec-20 18:53:34 - INFO - Data Chunk Staged now replicating to DELTA_GLJEDetail... 
28-Dec-20 18:53:37 - INFO - Data Chunk Staged now replicating to DELTA_GLJEDetail... 
28-Dec-20 18:53:39 - INFO - Data Chunk Staged now replicating to DELTA_GLJEDetail... 
28-Dec-20 18:53:42 - INFO - Data Chunk Staged now replicating to DELTA_GLJEDetail... 
28-Dec-20 18:53:45 - INFO - Data Chunk Staged now replicating to DELTA_GLJEDetail... 
28-Dec-20 18:53:48 - INFO - Data Chunk Staged now replicating to DELTA_GLJEDetail... 
28-Dec-20 18:53:49 - INFO - Data Chunk Staged now replicating to DELTA_GLJEDetail... 
28-Dec-20 18:53:49 - INFO - DELTA_GLJEDetail ready building merge statement... 
28-Dec-20 18:53:49 - INFO - Merging Data... 
28-Dec-20 18:54:24 - INFO - Data Merged to main GLJEDetail
 
28-Dec-20 18:54:24 - INFO - ------------------------ Starting DELTA MERGE for GLJEHeader -------------------------------------
 
28-Dec-20 18:54:25 - INFO - DELTA_GLJEHeader Truncated, ready for staging 
28-Dec-20 18:54:31 - INFO - Data Chunk Staged now replicating to DELTA_GLJEHeader... 
28-Dec-20 18:54:32 - INFO - Data Chunk Staged now replicating to DELTA_GLJEHeader... 
28-Dec-20 18:54:32 - INFO - DELTA_GLJEHeader ready building merge statement... 
28-Dec-20 18:54:32 - INFO - Merging Data... 
28-Dec-20 18:54:48 - INFO - Data Merged to main GLJEHeader
 
28-Dec-20 18:54:48 - INFO - ------------------------ Starting DELTA MERGE for GLJournalSetup -------------------------------------
 
28-Dec-20 18:54:49 - INFO - DELTA_GLJournalSetup Truncated, ready for staging 
28-Dec-20 18:54:52 - INFO - Data Chunk Staged now replicating to DELTA_GLJournalSetup... 
28-Dec-20 18:54:52 - INFO - DELTA_GLJournalSetup ready building merge statement... 
28-Dec-20 18:54:52 - INFO - Merging Data... 
28-Dec-20 18:55:07 - INFO - Data Merged to main GLJournalSetup
 
28-Dec-20 18:55:07 - INFO - ------------------------ Starting DELTA MERGE for GLStatCount -------------------------------------
 
28-Dec-20 18:55:08 - INFO - DELTA_GLStatCount Truncated, ready for staging 
28-Dec-20 18:55:09 - INFO - Data Chunk Staged now replicating to DELTA_GLStatCount... 
28-Dec-20 18:55:09 - INFO - DELTA_GLStatCount ready building merge statement... 
28-Dec-20 18:55:09 - INFO - Merging Data... 
28-Dec-20 18:55:25 - INFO - Data Merged to main GLStatCount
 
28-Dec-20 18:55:25 - INFO - ------------------------ Starting DELTA MERGE for icsfise -------------------------------------
 
28-Dec-20 18:55:26 - INFO - DELTA_icsfise Truncated, ready for staging 
28-Dec-20 18:55:30 - INFO - Data Chunk Staged now replicating to DELTA_icsfise... 
28-Dec-20 18:55:30 - INFO - DELTA_icsfise ready building merge statement... 
28-Dec-20 18:55:30 - INFO - Merging Data... 
28-Dec-20 18:55:45 - INFO - Data Merged to main icsfise
 
28-Dec-20 18:55:45 - INFO - ------------------------ Starting DELTA MERGE for Make -------------------------------------
 
28-Dec-20 18:55:46 - INFO - DELTA_Make Truncated, ready for staging 
28-Dec-20 18:55:47 - INFO - DELTA_Make ready building merge statement... 
28-Dec-20 18:55:47 - INFO - Merging Data... 
28-Dec-20 18:56:02 - INFO - Data Merged to main Make
 
28-Dec-20 18:56:02 - INFO - ------------------------ Starting DELTA MERGE for MiscellaneousNames -------------------------------------
 
28-Dec-20 18:56:03 - INFO - DELTA_MiscellaneousNames Truncated, ready for staging 
28-Dec-20 18:56:03 - INFO - Data Chunk Staged now replicating to DELTA_MiscellaneousNames... 
28-Dec-20 18:56:03 - INFO - DELTA_MiscellaneousNames ready building merge statement... 
28-Dec-20 18:56:03 - INFO - Merging Data... 
28-Dec-20 18:56:18 - INFO - Data Merged to main MiscellaneousNames
 
28-Dec-20 18:56:18 - INFO - ------------------------ Starting DELTA MERGE for Model -------------------------------------
 
28-Dec-20 18:56:19 - INFO - DELTA_Model Truncated, ready for staging 
28-Dec-20 18:56:20 - INFO - Data Chunk Staged now replicating to DELTA_Model... 
28-Dec-20 18:56:20 - INFO - DELTA_Model ready building merge statement... 
28-Dec-20 18:56:20 - INFO - Merging Data... 
28-Dec-20 18:56:35 - INFO - Data Merged to main Model
 
28-Dec-20 18:56:35 - INFO - ------------------------ Starting DELTA MERGE for OrgAddress -------------------------------------
 
28-Dec-20 18:56:36 - INFO - DELTA_OrgAddress Truncated, ready for staging 
28-Dec-20 18:56:36 - INFO - Data Chunk Staged now replicating to DELTA_OrgAddress... 
28-Dec-20 18:56:36 - INFO - DELTA_OrgAddress ready building merge statement... 
28-Dec-20 18:56:36 - INFO - Merging Data... 
28-Dec-20 18:56:51 - INFO - Data Merged to main OrgAddress
 
28-Dec-20 18:56:51 - INFO - ------------------------ Starting DELTA MERGE for OrgName -------------------------------------
 
28-Dec-20 18:56:52 - ERROR - Could not connect to PostgreSQL 
Traceback (most recent call last):
  File "C:\Python38\lib\site-packages\sqlalchemy\engine\base.py", line 1266, in _execute_context
    self.dialect.do_execute_no_params(
  File "C:\Python38\lib\site-packages\sqlalchemy\engine\default.py", line 596, in do_execute_no_params
    cursor.execute(statement)
psycopg2.errors.InsufficientPrivilege: permission denied for relation orgname


The above exception was the direct cause of the following exception:

Traceback (most recent call last):
  File "C:\Projects\Python\CDK_DW DAB\DELTA_MERGE.py", line 45, in DeltaMerge
    testConnectivity = pd.read_sql(f'SELECT * FROM {PostgreTable} where rowlastupdated >= NOW() - INTERVAL \'{interval} HOURS\' limit 1', dbpg)
  File "C:\Python38\lib\site-packages\pandas\io\sql.py", line 509, in read_sql
    return pandas_sql.read_query(
  File "C:\Python38\lib\site-packages\pandas\io\sql.py", line 1295, in read_query
    result = self.execute(*args)
  File "C:\Python38\lib\site-packages\pandas\io\sql.py", line 1161, in execute
    return self.connectable.execution_options(no_parameters=True).execute(
  File "C:\Python38\lib\site-packages\sqlalchemy\engine\base.py", line 2235, in execute
    return connection.execute(statement, *multiparams, **params)
  File "C:\Python38\lib\site-packages\sqlalchemy\engine\base.py", line 1003, in execute
    return self._execute_text(object_, multiparams, params)
  File "C:\Python38\lib\site-packages\sqlalchemy\engine\base.py", line 1172, in _execute_text
    ret = self._execute_context(
  File "C:\Python38\lib\site-packages\sqlalchemy\engine\base.py", line 1316, in _execute_context
    self._handle_dbapi_exception(
  File "C:\Python38\lib\site-packages\sqlalchemy\engine\base.py", line 1510, in _handle_dbapi_exception
    util.raise_(
  File "C:\Python38\lib\site-packages\sqlalchemy\util\compat.py", line 182, in raise_
    raise exception
  File "C:\Python38\lib\site-packages\sqlalchemy\engine\base.py", line 1266, in _execute_context
    self.dialect.do_execute_no_params(
  File "C:\Python38\lib\site-packages\sqlalchemy\engine\default.py", line 596, in do_execute_no_params
    cursor.execute(statement)
sqlalchemy.exc.ProgrammingError: (psycopg2.errors.InsufficientPrivilege) permission denied for relation orgname

[SQL: SELECT * FROM orgname where rowlastupdated >= NOW() - INTERVAL '48 HOURS' limit 1]
(Background on this error at: http://sqlalche.me/e/13/f405)
28-Dec-20 18:56:52 - INFO - DELTA_OrgName Truncated, ready for staging 
28-Dec-20 18:56:53 - INFO - ------------------------ Starting DELTA MERGE for PartsSales -------------------------------------
 
28-Dec-20 18:56:54 - INFO - DELTA_PartsSales Truncated, ready for staging 
28-Dec-20 18:58:20 - INFO - Data Chunk Staged now replicating to DELTA_PartsSales... 
28-Dec-20 18:58:28 - INFO - Data Chunk Staged now replicating to DELTA_PartsSales... 
28-Dec-20 18:58:36 - INFO - Data Chunk Staged now replicating to DELTA_PartsSales... 
28-Dec-20 18:58:45 - INFO - Data Chunk Staged now replicating to DELTA_PartsSales... 
28-Dec-20 18:58:49 - INFO - Data Chunk Staged now replicating to DELTA_PartsSales... 
28-Dec-20 18:58:49 - INFO - DELTA_PartsSales ready building merge statement... 
28-Dec-20 18:58:49 - INFO - Merging Data... 
28-Dec-20 18:59:06 - INFO - Data Merged to main PartsSales
 
28-Dec-20 18:59:06 - INFO - ------------------------ Starting DELTA MERGE for PartsSalesDetail -------------------------------------
 
28-Dec-20 18:59:08 - INFO - DELTA_PartsSalesDetail Truncated, ready for staging 
28-Dec-20 19:02:16 - INFO - Data Chunk Staged now replicating to DELTA_PartsSalesDetail... 
28-Dec-20 19:02:19 - INFO - Data Chunk Staged now replicating to DELTA_PartsSalesDetail... 
28-Dec-20 19:02:21 - INFO - Data Chunk Staged now replicating to DELTA_PartsSalesDetail... 
28-Dec-20 19:02:24 - INFO - Data Chunk Staged now replicating to DELTA_PartsSalesDetail... 
28-Dec-20 19:02:26 - INFO - Data Chunk Staged now replicating to DELTA_PartsSalesDetail... 
28-Dec-20 19:02:28 - INFO - Data Chunk Staged now replicating to DELTA_PartsSalesDetail... 
28-Dec-20 19:02:31 - INFO - Data Chunk Staged now replicating to DELTA_PartsSalesDetail... 
28-Dec-20 19:02:33 - INFO - Data Chunk Staged now replicating to DELTA_PartsSalesDetail... 
28-Dec-20 19:02:35 - INFO - Data Chunk Staged now replicating to DELTA_PartsSalesDetail... 
28-Dec-20 19:02:39 - INFO - Data Chunk Staged now replicating to DELTA_PartsSalesDetail... 
28-Dec-20 19:02:42 - INFO - Data Chunk Staged now replicating to DELTA_PartsSalesDetail... 
28-Dec-20 19:02:46 - INFO - Data Chunk Staged now replicating to DELTA_PartsSalesDetail... 
28-Dec-20 19:02:50 - INFO - Data Chunk Staged now replicating to DELTA_PartsSalesDetail... 
28-Dec-20 19:02:53 - INFO - Data Chunk Staged now replicating to DELTA_PartsSalesDetail... 
28-Dec-20 19:02:54 - INFO - Data Chunk Staged now replicating to DELTA_PartsSalesDetail... 
28-Dec-20 19:02:54 - INFO - DELTA_PartsSalesDetail ready building merge statement... 
28-Dec-20 19:02:54 - INFO - Merging Data... 
28-Dec-20 19:03:17 - INFO - Data Merged to main PartsSalesDetail
 
28-Dec-20 19:03:17 - INFO - ------------------------ Starting DELTA MERGE for Prospect -------------------------------------
 
28-Dec-20 19:03:18 - INFO - DELTA_Prospect Truncated, ready for staging 
28-Dec-20 19:03:24 - INFO - Data Chunk Staged now replicating to DELTA_Prospect... 
28-Dec-20 19:03:24 - INFO - DELTA_Prospect ready building merge statement... 
28-Dec-20 19:03:24 - INFO - Merging Data... 
28-Dec-20 19:03:41 - INFO - Data Merged to main Prospect
 
28-Dec-20 19:03:41 - INFO - ------------------------ Starting DELTA MERGE for ServiceSalesClosed -------------------------------------
 
28-Dec-20 19:04:17 - INFO - DELTA_ServiceSalesClosed Truncated, ready for staging 
28-Dec-20 19:09:23 - INFO - Data Chunk Staged now replicating to DELTA_ServiceSalesClosed... 
28-Dec-20 19:11:21 - INFO - Data Chunk Staged now replicating to DELTA_ServiceSalesClosed... 
28-Dec-20 19:13:22 - INFO - Data Chunk Staged now replicating to DELTA_ServiceSalesClosed... 
28-Dec-20 19:15:15 - INFO - Data Chunk Staged now replicating to DELTA_ServiceSalesClosed... 
28-Dec-20 19:15:15 - INFO - DELTA_ServiceSalesClosed ready building merge statement... 
28-Dec-20 19:15:15 - INFO - Merging Data... 
28-Dec-20 19:15:49 - INFO - Data Merged to main ServiceSalesClosed
 
28-Dec-20 19:15:49 - INFO - ------------------------ Starting DELTA MERGE for ServiceSalesDetailsClosed -------------------------------------
 
28-Dec-20 19:19:13 - INFO - DELTA_ServiceSalesDetailsClosed Truncated, ready for staging 
28-Dec-20 19:24:52 - INFO - Data Chunk Staged now replicating to DELTA_ServiceSalesDetailsClosed... 
28-Dec-20 19:25:01 - INFO - Data Chunk Staged now replicating to DELTA_ServiceSalesDetailsClosed... 
28-Dec-20 19:25:11 - INFO - Data Chunk Staged now replicating to DELTA_ServiceSalesDetailsClosed... 
28-Dec-20 19:25:21 - INFO - Data Chunk Staged now replicating to DELTA_ServiceSalesDetailsClosed... 
28-Dec-20 19:25:29 - INFO - Data Chunk Staged now replicating to DELTA_ServiceSalesDetailsClosed... 
28-Dec-20 19:25:39 - INFO - Data Chunk Staged now replicating to DELTA_ServiceSalesDetailsClosed... 
28-Dec-20 19:25:50 - INFO - Data Chunk Staged now replicating to DELTA_ServiceSalesDetailsClosed... 
28-Dec-20 19:26:03 - INFO - Data Chunk Staged now replicating to DELTA_ServiceSalesDetailsClosed... 
28-Dec-20 19:26:18 - INFO - Data Chunk Staged now replicating to DELTA_ServiceSalesDetailsClosed... 
28-Dec-20 19:26:27 - INFO - Data Chunk Staged now replicating to DELTA_ServiceSalesDetailsClosed... 
28-Dec-20 19:26:27 - INFO - DELTA_ServiceSalesDetailsClosed ready building merge statement... 
28-Dec-20 19:26:27 - INFO - Merging Data... 
28-Dec-20 19:27:37 - INFO - Data Merged to main ServiceSalesDetailsClosed
 
28-Dec-20 19:27:37 - INFO - ------------------------ Starting DELTA MERGE for ServiceVehicle -------------------------------------
 
28-Dec-20 19:27:38 - INFO - DELTA_ServiceVehicle Truncated, ready for staging 
28-Dec-20 19:28:17 - INFO - Data Chunk Staged now replicating to DELTA_ServiceVehicle... 
28-Dec-20 19:28:34 - INFO - Data Chunk Staged now replicating to DELTA_ServiceVehicle... 
28-Dec-20 19:28:51 - INFO - Data Chunk Staged now replicating to DELTA_ServiceVehicle... 
28-Dec-20 19:28:59 - INFO - Data Chunk Staged now replicating to DELTA_ServiceVehicle... 
28-Dec-20 19:28:59 - INFO - DELTA_ServiceVehicle ready building merge statement... 
28-Dec-20 19:29:00 - INFO - Merging Data... 
28-Dec-20 19:29:32 - INFO - Data Merged to main ServiceVehicle
 
28-Dec-20 19:29:32 - INFO - ------------------------ Starting DELTA MERGE for Technician -------------------------------------
 
28-Dec-20 19:29:33 - INFO - DELTA_Technician Truncated, ready for staging 
28-Dec-20 19:29:36 - INFO - Data Chunk Staged now replicating to DELTA_Technician... 
28-Dec-20 19:29:39 - INFO - Data Chunk Staged now replicating to DELTA_Technician... 
28-Dec-20 19:29:40 - INFO - Data Chunk Staged now replicating to DELTA_Technician... 
28-Dec-20 19:29:40 - INFO - DELTA_Technician ready building merge statement... 
28-Dec-20 19:29:40 - INFO - Merging Data... 
28-Dec-20 19:29:56 - INFO - Data Merged to main Technician
 
28-Dec-20 19:29:56 - INFO - ------------------------ Starting DELTA MERGE for VehicleSalesFirstHalf -------------------------------------
 
28-Dec-20 19:29:58 - INFO - DELTA_VehicleSalesFirstHalf Truncated, ready for staging 
28-Dec-20 19:33:12 - INFO - Data Chunk Staged now replicating to DELTA_VehicleSalesFirstHalf... 
28-Dec-20 19:35:08 - INFO - Data Chunk Staged now replicating to DELTA_VehicleSalesFirstHalf... 
28-Dec-20 19:37:08 - INFO - Data Chunk Staged now replicating to DELTA_VehicleSalesFirstHalf... 
28-Dec-20 19:39:05 - INFO - Data Chunk Staged now replicating to DELTA_VehicleSalesFirstHalf... 
28-Dec-20 19:40:16 - INFO - Data Chunk Staged now replicating to DELTA_VehicleSalesFirstHalf... 
28-Dec-20 19:40:16 - INFO - DELTA_VehicleSalesFirstHalf ready building merge statement... 
28-Dec-20 19:40:16 - INFO - Merging Data... 
28-Dec-20 19:41:20 - INFO - Data Merged to main VehicleSalesFirstHalf
 
28-Dec-20 19:41:20 - INFO - ------------------------ Starting DELTA MERGE for VehicleSalesSecondHalf -------------------------------------
 
28-Dec-20 19:41:21 - INFO - DELTA_VehicleSalesSecondHalf Truncated, ready for staging 
28-Dec-20 19:44:52 - INFO - Data Chunk Staged now replicating to DELTA_VehicleSalesSecondHalf... 
28-Dec-20 19:47:01 - INFO - Data Chunk Staged now replicating to DELTA_VehicleSalesSecondHalf... 
28-Dec-20 19:49:12 - INFO - Data Chunk Staged now replicating to DELTA_VehicleSalesSecondHalf... 
28-Dec-20 19:51:21 - INFO - Data Chunk Staged now replicating to DELTA_VehicleSalesSecondHalf... 
28-Dec-20 19:52:39 - INFO - Data Chunk Staged now replicating to DELTA_VehicleSalesSecondHalf... 
28-Dec-20 19:52:39 - INFO - DELTA_VehicleSalesSecondHalf ready building merge statement... 
28-Dec-20 19:52:39 - INFO - Merging Data... 
28-Dec-20 19:54:20 - INFO - Data Merged to main VehicleSalesSecondHalf
 
28-Dec-20 19:54:20 - INFO - ------------------------ Starting DELTA MERGE for Vendor -------------------------------------
 
28-Dec-20 19:54:21 - INFO - DELTA_Vendor Truncated, ready for staging 
28-Dec-20 19:54:22 - INFO - Data Chunk Staged now replicating to DELTA_Vendor... 
28-Dec-20 19:54:22 - INFO - DELTA_Vendor ready building merge statement... 
28-Dec-20 19:54:22 - INFO - Merging Data... 
28-Dec-20 19:54:37 - INFO - Data Merged to main Vendor
 
